<?xml version="1.0" encoding="UTF-8"?>
<!-- Generated by org.testng.reporters.JUnitXMLReporter -->
<testsuite ignored="1" hostname="GBR_Pratap" failures="0" tests="1" name="Test" time="9.92" errors="0" timestamp="2026-07-14T16:06:22 IST">
  <testcase classname="suiteExecPackage.NavigateToSites" name="navToAmazon" time="9.839"/>
  <testcase classname="suiteExecPackage.NavigateToFlipkart" name="navToFlipkart" time="0.0">
    <ignored/>
  </testcase> <!-- navToFlipkart -->
</testsuite> <!-- Test -->
