<?xml version="1.0" encoding="UTF-8"?>
<testng-results ignored="0" total="1" passed="1" failed="0" skipped="0">
  <reporter-output>
  </reporter-output>
  <suite started-at="2026-07-24T01:18:12 IST" name="Default suite" finished-at="2026-07-24T01:18:23 IST" duration-ms="10893">
    <groups>
    </groups>
    <test started-at="2026-07-24T01:18:12 IST" name="Default test" finished-at="2026-07-24T01:18:23 IST" duration-ms="10893">
      <class name="com.selenium.searchcontext.FindElementsProductionTest">
        <test-method is-config="true" signature="setup()[pri:0, instance:com.selenium.searchcontext.FindElementsProductionTest@413d1baf]" started-at="2026-07-24T01:18:12 IST" name="setup" finished-at="2026-07-24T01:18:14 IST" duration-ms="2338" status="PASS">
          <reporter-output>
          </reporter-output>
        </test-method> <!-- setup -->
        <test-method signature="searchMobile()[pri:0, instance:com.selenium.searchcontext.FindElementsProductionTest@413d1baf]" started-at="2026-07-24T01:18:14 IST" name="searchMobile" finished-at="2026-07-24T01:18:22 IST" duration-ms="7945" status="PASS">
          <reporter-output>
          </reporter-output>
        </test-method> <!-- searchMobile -->
        <test-method is-config="true" signature="tearDown()[pri:0, instance:com.selenium.searchcontext.FindElementsProductionTest@413d1baf]" started-at="2026-07-24T01:18:22 IST" name="tearDown" finished-at="2026-07-24T01:18:23 IST" duration-ms="526" status="PASS">
          <reporter-output>
          </reporter-output>
        </test-method> <!-- tearDown -->
      </class> <!-- com.selenium.searchcontext.FindElementsProductionTest -->
    </test> <!-- Default test -->
  </suite> <!-- Default suite -->
</testng-results>
