<?xml version="1.0" encoding="UTF-8"?>
<testng-results ignored="0" total="1" passed="1" failed="0" skipped="0">
  <reporter-output>
  </reporter-output>
  <suite started-at="2026-09-01T11:13:14 IST" name="Default suite" finished-at="2026-09-01T11:13:18 IST" duration-ms="4815">
    <groups>
    </groups>
    <test started-at="2026-09-01T11:13:14 IST" name="Default test" finished-at="2026-09-01T11:13:18 IST" duration-ms="4815">
      <class name="checkTest.VerificationTest">
        <test-method is-config="true" signature="setUp()[pri:0, instance:checkTest.VerificationTest@77888435]" started-at="2026-09-01T11:13:14 IST" name="setUp" finished-at="2026-09-01T11:13:16 IST" duration-ms="2587" status="PASS">
          <reporter-output>
          </reporter-output>
        </test-method> <!-- setUp -->
        <test-method signature="verifyGoogleTitle()[pri:0, instance:checkTest.VerificationTest@77888435]" started-at="2026-09-01T11:13:16 IST" name="verifyGoogleTitle" finished-at="2026-09-01T11:13:18 IST" duration-ms="1594" status="PASS">
          <reporter-output>
          </reporter-output>
        </test-method> <!-- verifyGoogleTitle -->
        <test-method is-config="true" signature="tearDown()[pri:0, instance:checkTest.VerificationTest@77888435]" started-at="2026-09-01T11:13:18 IST" name="tearDown" finished-at="2026-09-01T11:13:18 IST" duration-ms="393" status="PASS">
          <reporter-output>
          </reporter-output>
        </test-method> <!-- tearDown -->
      </class> <!-- checkTest.VerificationTest -->
    </test> <!-- Default test -->
  </suite> <!-- Default suite -->
</testng-results>
