<?xml version="1.0" encoding="UTF-8"?>
<!-- Generated by org.testng.reporters.JUnitReportReporter -->
<testsuite hostname="GBR_Pratap" failures="0" tests="2" name="suiteExecPackage.NavigateToSites" time="15.576" errors="0" timestamp="2026-07-15T15:17:05 IST" skipped="0">
  <testcase classname="suiteExecPackage.NavigateToSites" name="navToAmazon" time="6.983">
    <system-out>
      <![CDATA[Amazon in Edge]]>
    </system-out>
  </testcase> <!-- navToAmazon -->
  <testcase classname="suiteExecPackage.NavigateToSites" name="navToAmazon" time="8.593">
    <system-out>
      <![CDATA[Amazon in Edge]]>
    </system-out>
  </testcase> <!-- navToAmazon -->
  <system-out>
    <![CDATA[Flipkart in chrome
Flipkart in chrome
Amazon in Edge
Amazon in Edge]]>
  </system-out>
</testsuite> <!-- suiteExecPackage.NavigateToSites -->
