<?xml version="1.0" encoding="UTF-8"?>
<!-- Generated by org.testng.reporters.JUnitReportReporter -->
<testsuite hostname="GBR_Pratap" failures="0" tests="2" name="testNG.ListenersHandle" time="0.016" errors="0" timestamp="2026-07-18T15:21:02 IST" skipped="0">
  <testcase classname="testNG.ListenersHandle" name="listenMethod2" time="0.012">
    <system-out>
      <![CDATA[listenMethod2 : execution started
method 2
listenMethod2 : execution passed]]>
    </system-out>
  </testcase> <!-- listenMethod2 -->
  <testcase classname="testNG.ListenersHandle" name="listenMethod1" time="0.004">
    <system-out>
      <![CDATA[listenMethod1 : execution started
method 1
listenMethod1 : execution passed]]>
    </system-out>
  </testcase> <!-- listenMethod1 -->
  <system-out>
    <![CDATA[Configure the report
before suite connect to the database
before test launch the browser
before class set parallel execution
before method run the tests (login)
listenMethod2 : execution started
method 2
listenMethod2 : execution passed
after method runt the tests (logout)
before method run the tests (login)
listenMethod1 : execution started
method 1
listenMethod1 : execution passed
after method runt the tests (logout)
After class remove parallel execution
after test close the browser
after suite disconnect to the database]]>
  </system-out>
</testsuite> <!-- testNG.ListenersHandle -->
