<?xml version="1.0" encoding="UTF-8"?>
<!-- Generated by org.testng.reporters.JUnitReportReporter -->
<testsuite hostname="GBR_Pratap" failures="0" tests="3" name="dataProvider.DataProviderUse" time="0.016" errors="0" timestamp="2026-07-16T15:58:59 IST" skipped="0">
  <testcase classname="dataProvider.DataProviderUse" name="login" time="0.012"/>
  <testcase classname="dataProvider.DataProviderUse" name="login" time="0.002"/>
  <testcase classname="dataProvider.DataProviderUse" name="login" time="0.002"/>
</testsuite> <!-- dataProvider.DataProviderUse -->
