<?xml version="1.0" encoding="UTF-8"?>
<!-- Generated by org.testng.reporters.JUnitReportReporter -->
<testsuite hostname="GBR_Pratap" failures="0" tests="3" name="testNG.IncovactionMethod" time="0.006" errors="0" timestamp="2026-07-14T15:36:31 IST" skipped="0">
  <testcase classname="testNG.IncovactionMethod" name="manual" time="0.002">
    <system-out>
      <![CDATA[manual]]>
    </system-out>
  </testcase> <!-- manual -->
  <testcase classname="testNG.IncovactionMethod" name="selenium" time="0.002">
    <system-out>
      <![CDATA[selenium]]>
    </system-out>
  </testcase> <!-- selenium -->
  <testcase classname="testNG.IncovactionMethod" name="selenium" time="0.002">
    <system-out>
      <![CDATA[selenium]]>
    </system-out>
  </testcase> <!-- selenium -->
  <system-out>
    <![CDATA[Add to cart
Delete from cart
manual
selenium
selenium
Create
Login
Register
Create
Login
thread
thread]]>
  </system-out>
</testsuite> <!-- testNG.IncovactionMethod -->
