<?xml version="1.0" encoding="UTF-8"?>
<!-- Generated by org.testng.reporters.JUnitReportReporter -->
<testsuite hostname="GBR_Pratap" failures="0" tests="2" name="suiteExecPackage.NavigateToFlipkart" time="26.775" errors="0" timestamp="2026-07-15T15:17:05 IST" skipped="0">
  <testcase classname="suiteExecPackage.NavigateToFlipkart" name="navToFlipkart" time="11.876">
    <system-out>
      <![CDATA[Flipkart in chrome]]>
    </system-out>
  </testcase> <!-- navToFlipkart -->
  <testcase classname="suiteExecPackage.NavigateToFlipkart" name="navToFlipkart" time="14.899">
    <system-out>
      <![CDATA[Flipkart in chrome]]>
    </system-out>
  </testcase> <!-- navToFlipkart -->
  <system-out>
    <![CDATA[Flipkart in chrome
Flipkart in chrome
Amazon in Edge
Amazon in Edge]]>
  </system-out>
</testsuite> <!-- suiteExecPackage.NavigateToFlipkart -->
