<?xml version="1.0" encoding="UTF-8"?>
<!-- Generated by org.testng.reporters.JUnitReportReporter -->
<testsuite hostname="GBR_Pratap" failures="0" tests="2" name="testNGAnnotations.HandlleBaseAnnotations" time="0.011" errors="0" timestamp="2026-07-17T15:55:44 IST" skipped="0">
  <testcase classname="testNGAnnotations.HandlleBaseAnnotations" name="runAnnotationFlow" time="0.008">
    <system-out>
      <![CDATA[Test-1]]>
    </system-out>
  </testcase> <!-- runAnnotationFlow -->
  <testcase classname="testNGAnnotations.HandlleBaseAnnotations" name="runAnnotationFlow2" time="0.003">
    <system-out>
      <![CDATA[Test-2]]>
    </system-out>
  </testcase> <!-- runAnnotationFlow2 -->
  <system-out>
    <![CDATA[before suite connect to the database
before test launch the browser
before class set parallel execution
before method run the tests (login)
Test-1
after method runt the tests (logout)
before method run the tests (login)
Test-2
after method runt the tests (logout)
After class remove parallel execution
after test close the browser
after suite disconnect to the database]]>
  </system-out>
</testsuite> <!-- testNGAnnotations.HandlleBaseAnnotations -->
