<?xml version="1.0" encoding="UTF-8"?>
<!-- Generated by org.testng.reporters.JUnitReportReporter -->
<testsuite hostname="GBR_Pratap" failures="0" tests="1" name="testNG.SampleTest" time="0.013" errors="0" timestamp="2026-06-20T14:32:50 IST" skipped="0">
  <testcase classname="testNG.SampleTest" name="demoTest" time="0.013">
    <system-out>
      <![CDATA[TEST]]>
    </system-out>
  </testcase> <!-- demoTest -->
  <system-out>
    <![CDATA[TEST]]>
  </system-out>
</testsuite> <!-- testNG.SampleTest -->
