<?xml version="1.0" encoding="UTF-8"?>
<!-- Generated by org.testng.reporters.JUnitReportReporter -->
<testsuite hostname="GBR_Pratap" failures="0" tests="3" name="testNG.PriorityHelperMethod" time="0.006" errors="0" timestamp="2026-07-14T15:36:31 IST" skipped="0">
  <testcase classname="testNG.PriorityHelperMethod" name="register" time="0.001">
    <system-out>
      <![CDATA[Register]]>
    </system-out>
  </testcase> <!-- register -->
  <testcase classname="testNG.PriorityHelperMethod" name="createProduct" time="0.002">
    <system-out>
      <![CDATA[Create]]>
    </system-out>
  </testcase> <!-- createProduct -->
  <testcase classname="testNG.PriorityHelperMethod" name="login" time="0.003">
    <system-out>
      <![CDATA[Login]]>
    </system-out>
  </testcase> <!-- login -->
  <system-out>
    <![CDATA[Add to cart
Delete from cart
manual
selenium
selenium
Create
Login
Register
Create
Login
thread
thread]]>
  </system-out>
</testsuite> <!-- testNG.PriorityHelperMethod -->
