<?xml version="1.0" encoding="UTF-8"?>
<!-- Generated by org.testng.reporters.JUnitReportReporter -->
<testsuite hostname="GBR_Pratap" failures="0" tests="2" name="testNG.DependsOnMethod" time="0.015" errors="0" timestamp="2026-07-14T15:36:31 IST" skipped="0">
  <testcase classname="testNG.DependsOnMethod" name="deleteProductFromCart" time="0.002">
    <system-out>
      <![CDATA[Delete from cart]]>
    </system-out>
  </testcase> <!-- deleteProductFromCart -->
  <testcase classname="testNG.DependsOnMethod" name="addToCart" time="0.013">
    <system-out>
      <![CDATA[Add to cart]]>
    </system-out>
  </testcase> <!-- addToCart -->
  <system-out>
    <![CDATA[Add to cart
Delete from cart
manual
selenium
selenium
Create
Login
Register
Create
Login
thread
thread]]>
  </system-out>
</testsuite> <!-- testNG.DependsOnMethod -->
