<?xml version="1.0" encoding="UTF-8"?>
<!-- Generated by org.testng.reporters.JUnitReportReporter -->
<testsuite hostname="GBR_Pratap" failures="0" tests="2" name="testNG.ThreadPoolSizeHelperMethod" time="0.031" errors="0" timestamp="2026-07-15T14:28:28 IST" skipped="0">
  <testcase classname="testNG.ThreadPoolSizeHelperMethod" name="threadMethod" time="0.015"/>
  <testcase classname="testNG.ThreadPoolSizeHelperMethod" name="threadMethod" time="0.016"/>
</testsuite> <!-- testNG.ThreadPoolSizeHelperMethod -->
