<?xml version="1.0" encoding="UTF-8"?>
<!-- Generated by org.testng.reporters.JUnitReportReporter -->
<testsuite hostname="GBR_Pratap" failures="0" tests="2" name="experienceSelenium.SeleniumExceptionDemo" time="14.872" errors="0" timestamp="2026-07-04T16:51:32 IST" skipped="0">
  <testcase classname="experienceSelenium.SeleniumExceptionDemo" name="triggerElementNotInteractableException" time="10.541"/>
  <testcase classname="experienceSelenium.SeleniumExceptionDemo" name="triggerNoSuchElementException" time="4.331"/>
</testsuite> <!-- experienceSelenium.SeleniumExceptionDemo -->
