<?xml version="1.0" encoding="UTF-8"?>
<!-- Generated by org.testng.reporters.JUnitReportReporter -->
<testsuite hostname="GBR_Pratap" failures="0" tests="3" name="testNG.EnabledHelperMethod" time="0.004" errors="0" timestamp="2026-07-14T15:36:31 IST" skipped="1">
  <testcase classname="testNG.EnabledHelperMethod" name="login" time="0.002">
    <system-out>
      <![CDATA[Login]]>
    </system-out>
  </testcase> <!-- login -->
  <testcase classname="testNG.EnabledHelperMethod" name="createProduct" time="0.002">
    <system-out>
      <![CDATA[Create]]>
    </system-out>
  </testcase> <!-- createProduct -->
  <testcase classname="testNG.EnabledHelperMethod" name="register">
    <skipped/>
  </testcase> <!-- register -->
  <system-out>
    <![CDATA[Add to cart
Delete from cart
manual
selenium
selenium
Create
Login
Register
Create
Login
thread
thread]]>
  </system-out>
</testsuite> <!-- testNG.EnabledHelperMethod -->
